<?xml version="1.0" encoding="UTF-8"?>
<!-- Generated by org.testng.reporters.JUnitReportReporter -->
<testsuite hostname="DESKTOP-7S7LCUO" failures="0" tests="1" name="com.java.day0.BasicCheck" time="7.548" errors="0" timestamp="2025-04-03T21:05:44 IST" skipped="0">
  <testcase classname="com.java.day0.BasicCheck" name="test2" time="7.548"/>
</testsuite> <!-- com.java.day0.BasicCheck -->
