<?xml version="1.0" encoding="UTF-8"?>
<!-- Generated by org.testng.reporters.JUnitReportReporter -->
<testsuite hostname="DESKTOP-7S7LCUO" failures="0" tests="1" name="com.java.day0.BasicCheck" time="0.010" errors="0" timestamp="2025-04-03T16:15:38 IST" skipped="0">
  <testcase classname="com.java.day0.BasicCheck" name="method1" time="0.010"/>
</testsuite> <!-- com.java.day0.BasicCheck -->
